2018-09-06 18:16:58,956:__main__:[INFO]:Entered testing evironment...
2018-09-06 18:16:58,956:__main__:[INFO]:testing parameters:amazon:8:False:another
2018-09-06 18:16:58,956:LPM.pgenerator:[WARNING]:password_funct... this function needs to be verified..
2018-09-06 18:16:58,956:LPM.pgenerator:[INFO]:generate hexhash...
2018-09-06 18:16:58,956:LPM.pgenerator:[INFO]:generate hexhash...
2018-09-06 18:16:58,957:__main__:[INFO]:password generated:g5JDl(ZVx! [this will only be printed in the test environment]
2018-09-06 23:38:09,853:__main__:[INFO]:Entered testing evironment...
2018-09-06 23:39:33,229:__main__:[INFO]:Entered testing evironment...
2018-09-06 23:39:33,229:__main__:[INFO]:testing parameters:amazon:8:False:another
2018-09-06 23:39:33,229:LPM.pgenerator:[WARNING]:password_funct... this function needs to be verified..
2018-09-06 23:40:03,980:__main__:[INFO]:Entered testing evironment...
2018-09-06 23:40:03,980:__main__:[INFO]:testing parameters:amazon:8:False:another
2018-09-06 23:40:03,980:LPM.pgenerator:[WARNING]:password_funct... this function needs to be verified..
2018-09-06 23:40:03,980:LPM.pgenerator:[INFO]:generate hexhash...
2018-09-06 23:40:03,981:LPM.pgenerator:[INFO]:generate hexhash...
2018-09-06 23:40:03,981:__main__:[INFO]:password generated: [this will only be printed in the test environment]
2018-09-06 23:58:44,795:__main__:[INFO]:Entered testing evironment...
2018-09-06 23:59:03,441:__main__:[INFO]:Entered testing evironment...
2018-09-06 23:59:30,419:__main__:[INFO]:Entered testing evironment...
2018-09-06 23:59:49,311:__main__:[INFO]:Entered testing evironment...
2018-09-07 00:00:44,856:__main__:[INFO]:Entered testing evironment...
2018-09-07 00:00:54,153:__main__:[INFO]:Entered testing evironment...
2018-09-07 00:00:54,153:__main__:[INFO]:testing parameters:amazon:8:False:another
2018-09-07 00:00:54,153:LPM.pgenerator:[WARNING]:password_funct... this function needs to be verified..
2018-09-07 00:01:19,083:__main__:[INFO]:Entered testing evironment...
2018-09-07 00:01:28,812:__main__:[INFO]:Entered testing evironment...
2018-09-07 00:01:28,812:__main__:[INFO]:testing parameters:amazon:8:False:another
2018-09-07 00:01:28,812:LPM.pgenerator:[WARNING]:password_funct... this function needs to be verified..
2018-09-09 09:24:19,758:__main__:[INFO]:Entered testing evironment...
2018-09-09 09:25:14,459:__main__:[INFO]:Entered testing evironment...
2018-09-09 09:25:38,340:__main__:[INFO]:Entered testing evironment...
2018-09-09 09:25:51,111:__main__:[INFO]:Entered testing evironment...
2018-09-09 09:50:57,214:__main__:[INFO]:Entered testing evironment...
2018-09-09 09:50:57,215:__main__:[INFO]:testing parameters:amazon:8:False:another
2018-09-09 09:50:57,215:LPM.pgenerator:[WARNING]:password_funct... this function needs to be verified..
2018-09-09 09:50:57,215:LPM.pgenerator:[INFO]:generate hexhash...
2018-09-09 09:50:57,215:LPM.pgenerator:[INFO]:generate hexhash...
2018-09-09 09:50:57,215:__main__:[INFO]:password generated: [this will only be printed in the test environment]
