2018-01-18 22:46:17,860 - __main__ - INFO - Initial testing completed
2018-01-18 22:53:27,128 - __main__ - INFO - Initial testing completed
2018-01-18 22:53:31,657 - __main__ - INFO - Initial testing completed
2018-01-18 22:53:41,175 - __main__ - INFO - Initial testing completed
2018-01-18 22:54:00,181 - __main__ - INFO - Initial testing completed
2018-01-18 22:56:54,000 - __main__ - INFO - Initial testing completed
2018-01-18 22:57:08,606 - __main__ - INFO - Initial testing completed
2018-01-18 22:57:18,672 - __main__ - INFO - Initial testing completed
2018-01-18 22:57:26,157 - __main__ - INFO - Initial testing completed
2018-01-18 22:58:37,065 - __main__ - INFO - Initial testing completed
2018-01-18 22:59:13,760 - __main__ - INFO - Initial testing completed
2018-01-18 23:00:18,834 - __main__ - INFO - Initial testing completed
2018-01-18 23:01:08,446 - __main__ - INFO - Initial testing completed
2018-01-18 23:01:17,637 - __main__ - INFO - Initial testing completed
2018-01-18 23:01:25,324 - __main__ - INFO - Initial testing completed
2018-01-19 16:06:51,885 - __main__ - INFO - Initial testing completed
2018-01-19 16:06:54,519 - __main__ - INFO - Initial testing completed
2018-01-19 16:07:21,497 - __main__ - INFO - Initial testing completed
2018-01-19 16:09:36,689 : __main__ : [INFO] : Initial testing completed
2018-01-19 16:09:36,691 : __main__ : [INFO] : Generating Hash...
2018-01-19 16:10:28,121 : __main__ : [INFO] : Initial testing completed
2018-01-19 16:10:33,001 : __main__ : [INFO] : Initial testing completed
2018-01-19 16:10:33,002 : __main__ : [INFO] : Generating Hash...
2018-01-19 16:10:33,002 : __main__ : [INFO] : Testing terminated.
2018-01-19 16:10:56,654 : __main__ : [INFO] : Initial testing completed
2018-01-19 16:10:56,655 : __main__ : [INFO] : Generating Hash...
2018-01-19 16:10:56,655 : __main__ : [INFO] : Testing terminated.
2018-01-19 16:10:59,318 : __main__ : [INFO] : Initial testing completed
2018-01-19 16:13:15,385 : __main__ : [INFO] : Initial testing completed
2018-01-19 16:13:44,425 : __main__ : [INFO] : Initial testing completed
2018-01-19 16:13:49,608 : __main__ : [INFO] : Initial testing completed
2018-01-19 16:15:25,953 : __main__ : [INFO] : Initial testing completed
2018-01-19 16:15:30,652 : __main__ : [INFO] : Initial testing completed
2018-01-19 16:16:26,181 : __main__ : [INFO] : Initial testing completed
2018-01-19 16:16:55,841 : __main__ : [INFO] : Initial testing completed
2018-01-19 16:53:46,774 : __main__ : [INFO] : Initial testing completed
2018-01-19 16:53:56,710 : __main__ : [INFO] : Initial testing completed
2018-01-19 16:54:13,357 : __main__ : [INFO] : Initial testing completed
2018-01-19 16:54:21,410 : __main__ : [INFO] : Initial testing completed
2018-01-19 16:58:18,890 : __main__ : [INFO] : Initial testing completed
2018-01-19 20:05:26,196 : __main__ : [INFO] : Initial testing completed
2018-01-19 20:08:59,995 : __main__ : [INFO] : Initial testing completed
2018-01-19 20:09:50,564 : __main__ : [INFO] : Initial testing completed
2018-01-19 20:44:56,518 : __main__ : [INFO] : Initial testing completed
2018-01-19 20:46:12,509 : __main__ : [INFO] : Initial testing completed
2018-01-19 20:49:36,779 : __main__ : [INFO] : Entered testing evironment...
2018-01-19 20:49:36,780 : __main__ : [WARNING] : password_funct... this function needs to be verified..
2018-01-19 20:49:36,780 : __main__ : [INFO] : generate hexhash...
2018-01-19 20:49:36,780 : __main__ : [INFO] : generate hexhash...
2018-01-19 20:49:54,994 : __main__ : [INFO] : Entered testing evironment...
2018-01-19 20:49:54,994 : __main__ : [WARNING] : password_funct... this function needs to be verified..
2018-01-19 20:49:54,994 : __main__ : [INFO] : generate hexhash...
2018-01-19 20:49:54,994 : __main__ : [INFO] : generate hexhash...
2018-01-19 20:50:07,813 : __main__ : [INFO] : Entered testing evironment...
2018-01-19 20:50:07,813 : __main__ : [WARNING] : password_funct... this function needs to be verified..
2018-01-19 20:50:07,813 : __main__ : [INFO] : generate hexhash...
2018-01-19 20:50:07,813 : __main__ : [INFO] : generate hexhash...
2018-01-19 20:57:11,869:__main__:[INFO]:Entered testing evironment...
2018-01-19 20:57:11,869:__main__:[WARNING]:password_funct... this function needs to be verified..
2018-01-19 20:57:11,869:__main__:[INFO]:generate hexhash...
2018-01-19 20:57:11,869:__main__:[INFO]:generate hexhash...
2018-01-19 20:57:25,830:__main__:[INFO]:Entered testing evironment...
2018-01-19 20:57:25,831:__main__:[WARNING]:password_funct... this function needs to be verified..
2018-01-19 20:57:25,831:__main__:[INFO]:generate hexhash...
2018-01-19 20:57:25,831:__main__:[INFO]:generate hexhash...
2018-01-19 20:57:27,167:__main__:[INFO]:Entered testing evironment...
2018-01-19 20:57:27,167:__main__:[WARNING]:password_funct... this function needs to be verified..
2018-01-19 20:57:27,168:__main__:[INFO]:generate hexhash...
2018-01-19 20:57:27,168:__main__:[INFO]:generate hexhash...
2018-01-19 20:57:31,013:__main__:[INFO]:Entered testing evironment...
2018-01-19 20:57:31,013:__main__:[WARNING]:password_funct... this function needs to be verified..
2018-01-19 20:57:31,013:__main__:[INFO]:generate hexhash...
2018-01-19 20:57:31,013:__main__:[INFO]:generate hexhash...
2018-01-19 20:57:31,694:__main__:[INFO]:Entered testing evironment...
2018-01-19 20:57:31,695:__main__:[WARNING]:password_funct... this function needs to be verified..
2018-01-19 20:57:31,695:__main__:[INFO]:generate hexhash...
2018-01-19 20:57:31,695:__main__:[INFO]:generate hexhash...
2018-01-19 20:57:45,389:__main__:[INFO]:Entered testing evironment...
2018-01-19 20:57:45,390:__main__:[WARNING]:password_funct... this function needs to be verified..
2018-01-19 20:57:45,390:__main__:[INFO]:generate hexhash...
2018-01-19 20:57:45,390:__main__:[INFO]:generate hexhash...
2018-01-19 20:57:47,910:__main__:[INFO]:Entered testing evironment...
2018-01-19 20:57:47,910:__main__:[WARNING]:password_funct... this function needs to be verified..
2018-01-19 20:57:47,910:__main__:[INFO]:generate hexhash...
2018-01-19 20:57:47,910:__main__:[INFO]:generate hexhash...
